[ADC_I]
[ADC_Z]
[ADC_ZX]
[ADC_A]
[ADC_AX]
[ADC_AY]
[ADC_IX]
[ADC_IY]
[AND_I]
[AND_Z]
[AND_ZX]
[AND_A]
[AND_AX]
[AND_AY]
[AND_IX]
[AND_IY]
[ASL]
[ASL_Z]
[ASL_ZX]
[ASL_A]
[ASL_AX]
[BCC]
[BCS]
[BEQ]
[BIT_Z]
[BIT_A]
[BMI]
[BNE]
[BPL]
[BRK]
[BVC]
[BVS]
[CLC]
[CLD]
[CLI]
[CLV]
[CMP_I]
[CMP_Z]
[CMP_ZX]
[CMP_A]
[CMP_AX]
[CMP_AY]
[CMP_IX]
[CMP_IY]
[CPX_I]
[CPX_Z]
[CPX_A]
[CPY_I]
[CPY_Z]
[CPY_A]
[DEC_Z]
[DEC_ZX]
[DEC_A]
[DEC_AX]
[DEX]
[DEY]
[EOR]
[EOR_Z]
[EOR_ZX]
[EOR_A]
[EOR_AX]
[EOR_AY]
[EOR_IX]
[EOR_IY]
[INC_Z]
[INC_ZX]
[INC_A]
[INC_AX]
[INX]
[INY]
[JMP_A]
[JMP_I]
[JSR]
[LDA_I]
[LDA_Z]
[LDA_ZX]
[LDA_A]
[LDA_AX]
[LDA_AY]
[LDA_IX]
[LDA_IY]
[LDX_I]
[LDX_Z]
[LDX_ZY]
[LDX_A]
[LDX_AY]
[LDY_I]
[LDY_Z]
[LDY_ZX]
[LDY_A]
[LDY_AX]
[LSR_A]
[LSR_Z]
[LSR_ZX]
[LSR_A]
[LSR_AX]
[NOP]
[ORA_I]
[ORA_Z]
[ORA_ZX]
[ORA_A]
[ORA_AX]
[ORA_AY]
[ORA_IX]
[ORA_IY]
[PHA]
[PHP]
[PLA]
[PLP]
[ROL_A]
[ROL_Z]
[ROL_ZX]
[ROL_A]
[ROL_AX]
[ROR_A]
[ROR_Z]
[ROR_ZX]
[ROR_A]
[ROR_AX]
[RTI]
[RTS]
[SBC_I]
[SBC_Z]
[SBC_ZX]
[SBC_A]
[SBC_AX]
[SBC_AY]
[SBC_IX]
[SBC_IY]
[SEC]
[SED]
[SEI]
[STA_Z]
[STA_X]
[STA_A]
[STA_AX]
[STA_AY]
[STA_IX]
[STA_IY]
[STX_Z]
[STX_ZY]
[STX_A]
[STY_Z]
[STY_ZY]
[STY_A]
[TAX]
[TAY]
[TSX]
[TXA]
[TXS]
[TYA]
