opcode_map[ADC_I] = (ADC, I)
opcode_map[ADC_Z] = (ADC, Z)
opcode_map[ADC_ZX] = (ADC, ZX)
opcode_map[ADC_A] = (ADC, A)
opcode_map[ADC_AX] = (ADC, AX)
opcode_map[ADC_AY] = (ADC, AY)
opcode_map[ADC_IX] = (ADC, IX)
opcode_map[ADC_IY] = (ADC, IY)
opcode_map[AND_I] = (AND, I)
opcode_map[AND_Z] = (AND, Z)
opcode_map[AND_ZX] = (AND, ZX)
opcode_map[AND_A] = (AND, A)
opcode_map[AND_AX] = (AND, AX)
opcode_map[AND_AY] = (AND, AY)
opcode_map[AND_IX] = (AND, IX)
opcode_map[AND_IY] = (AND, IY)
opcode_map[ASL] = (ASL, IM)
opcode_map[ASL_Z] = (ASL, Z)
opcode_map[ASL_ZX] = (ASL, ZX)
opcode_map[ASL_A] = (ASL, A)
opcode_map[ASL_AX] = (ASL, AX)
opcode_map[BCC] = (BCC, I)
opcode_map[BCS] = (BCS, I)
opcode_map[BEQ] = (BEQ, I)
opcode_map[BIT_Z] = (BIT, Z)
opcode_map[BIT_A] = (BIT, A)
opcode_map[BMI] = (BMI, I)
opcode_map[BNE] = (BNE, I)
opcode_map[BPL] = (BPL, I)
opcode_map[BRK] = (BRK, IM)
opcode_map[BVC] = (BVC, I)
opcode_map[BVS] = (BVS, I)
opcode_map[CLC] = (CLC, IM)
opcode_map[CLD] = (CLD, IM)
opcode_map[CLI] = (CLI, IM)
opcode_map[CLV] = (CLV, IM)
opcode_map[CMP_I] = (CMP, I)
opcode_map[CMP_Z] = (CMP, Z)
opcode_map[CMP_ZX] = (CMP, ZX)
opcode_map[CMP_A] = (CMP, A)
opcode_map[CMP_AX] = (CMP, AX)
opcode_map[CMP_AY] = (CMP, AY)
opcode_map[CMP_IX] = (CMP, IX)
opcode_map[CMP_IY] = (CMP, IY)
opcode_map[CPX_I] = (CPX, I)
opcode_map[CPX_Z] = (CPX, Z)
opcode_map[CPX_A] = (CPX, A)
opcode_map[CPY_I] = (CPY, I)
opcode_map[CPY_Z] = (CPY, Z)
opcode_map[CPY_A] = (CPY, A)
opcode_map[DEC_Z] = (DEC, Z)
opcode_map[DEC_ZX] = (DEC, ZX)
opcode_map[DEC_A] = (DEC, A)
opcode_map[DEC_AX] = (DEC, AX)
opcode_map[DEX] = (DEX, IM)
opcode_map[DEY] = (DEY, IM)
opcode_map[EOR] = (EOR, I)
opcode_map[EOR_Z] = (EOR, Z)
opcode_map[EOR_ZX] = (EOR, ZX)
opcode_map[EOR_A] = (EOR, A)
opcode_map[EOR_AX] = (EOR, AX)
opcode_map[EOR_AY] = (EOR, AY)
opcode_map[EOR_IX] = (EOR, IX)
opcode_map[EOR_IY] = (EOR, IY)
opcode_map[INC_Z] = (INC, Z)
opcode_map[INC_ZX] = (INC, ZX)
opcode_map[INC_A] = (INC, A)
opcode_map[INC_AX] = (INC, AX)
opcode_map[INX] = (INX, IM)
opcode_map[INY] = (INY, IM)
opcode_map[JMP_A] = (JMP, A)
opcode_map[JMP_I] = (JMP, IN)
opcode_map[JSR] = (JSR, A)
opcode_map[LDA_I] = (LDA, I)
opcode_map[LDA_Z] = (LDA, Z)
opcode_map[LDA_ZX] = (LDA, ZX)
opcode_map[LDA_A] = (LDA, A)
opcode_map[LDA_AX] = (LDA, AX)
opcode_map[LDA_AY] = (LDA, AY)
opcode_map[LDA_IX] = (LDA, IX)
opcode_map[LDA_IY] = (LDA, IY)
opcode_map[LDX_I] = (LDX, I)
opcode_map[LDX_Z] = (LDX, Z)
opcode_map[LDX_ZY] = (LDX, ZY)
opcode_map[LDX_A] = (LDX, A)
opcode_map[LDX_AY] = (LDX, AY)
opcode_map[LDY_I] = (LDY, I)
opcode_map[LDY_Z] = (LDY, Z)
opcode_map[LDY_ZX] = (LDY, ZX)
opcode_map[LDY_A] = (LDY, A)
opcode_map[LDY_AX] = (LDY, AX)
opcode_map[LSR_A] = (LSR, A)
opcode_map[LSR_Z] = (LSR, Z)
opcode_map[LSR_ZX] = (LSR, ZX)
opcode_map[LSR_A] = (LSR, AC)
opcode_map[LSR_AX] = (LSR, AX)
opcode_map[NOP] = (NOP, IM)
opcode_map[ORA_I] = (ORA, I)
opcode_map[ORA_Z] = (ORA, Z)
opcode_map[ORA_ZX] = (ORA, ZX)
opcode_map[ORA_A] = (ORA, A)
opcode_map[ORA_AX] = (ORA, AX)
opcode_map[ORA_AY] = (ORA, AY)
opcode_map[ORA_IX] = (ORA, IX)
opcode_map[ORA_IY] = (ORA, IY)
opcode_map[PHA] = (PHA, IM)
opcode_map[PHP] = (PHP, IM)
opcode_map[PLA] = (PLA, IM)
opcode_map[PLP] = (PLP, IM)
opcode_map[ROL_A] = (ROL, AC)
opcode_map[ROL_Z] = (ROL, Z)
opcode_map[ROL_ZX] = (ROL, ZX)
opcode_map[ROL_A] = (ROL, A)
opcode_map[ROL_AX] = (ROL, AX)
opcode_map[ROR_A] = (ROR, AC)
opcode_map[ROR_Z] = (ROR, Z)
opcode_map[ROR_ZX] = (ROR, ZX)
opcode_map[ROR_A] = (ROR, A)
opcode_map[ROR_AX] = (ROR, AX)
opcode_map[RTI] = (RTI, IM)
opcode_map[RTS] = (RTS, IM)
opcode_map[SBC_I] = (SBC, I)
opcode_map[SBC_Z] = (SBC, Z)
opcode_map[SBC_ZX] = (SBC, ZX)
opcode_map[SBC_A] = (SBC, A)
opcode_map[SBC_AX] = (SBC, AX)
opcode_map[SBC_AY] = (SBC, AY)
opcode_map[SBC_IX] = (SBC, IX)
opcode_map[SBC_IY] = (SBC, IY)
opcode_map[SEC] = (SEC, IM)
opcode_map[SED] = (SED, IM)
opcode_map[SEI] = (SEI, IM)
opcode_map[STA_Z] = (STA, Z)
opcode_map[STA_X] = (STA, ZX)
opcode_map[STA_A] = (STA, A)
opcode_map[STA_AX] = (STA, AX)
opcode_map[STA_AY] = (STA, AY)
opcode_map[STA_IX] = (STA, IX)
opcode_map[STA_IY] = (STA, IY)
opcode_map[STX_Z] = (STX, Z)
opcode_map[STX_ZY] = (STX, ZY)
opcode_map[STX_A] = (STX, A)
opcode_map[STY_Z] = (STY, Z)
opcode_map[STY_ZY] = (STY, ZY)
opcode_map[STY_A] = (STY, A)
opcode_map[TAX] = (TAX, IM)
opcode_map[TAY] = (TAY, IM)
opcode_map[TSX] = (TSX, IM)
opcode_map[TXA] = (TXA, IM)
opcode_map[TXS] = (TXS, IM)
opcode_map[TYA] = (TYA, IM)
